ARM GAS  C:\Users\Andreea\AppData\Local\Temp\ccrpJJbc.s 			page 1


   1              		.syntax unified
   2              		.cpu cortex-m3
   3              		.fpu softvfp
   4              		.eabi_attribute 20, 1
   5              		.eabi_attribute 21, 1
   6              		.eabi_attribute 23, 3
   7              		.eabi_attribute 24, 1
   8              		.eabi_attribute 25, 1
   9              		.eabi_attribute 26, 1
  10              		.eabi_attribute 30, 1
  11              		.eabi_attribute 34, 1
  12              		.eabi_attribute 18, 4
  13              		.thumb
  14              		.syntax unified
  15              		.file	"cymetadata.c"
  16              		.text
  17              	.Ltext0:
  18              		.cfi_sections	.debug_frame
  19              		.global	cy_metadata
  20              		.global	cy_meta_flashprotect
  21              		.global	cy_meta_wonvl
  22              		.global	cy_meta_custnvl
  23              		.global	cy_meta_configecc
  24              		.section	.cyconfigecc,"a",%progbits
  25              		.align	2
  26              		.type	cy_meta_configecc, %object
  27              		.size	cy_meta_configecc, 168
  28              	cy_meta_configecc:
  29 0000 02       		.byte	2
  30 0001 52       		.byte	82
  31 0002 00       		.byte	0
  32 0003 40       		.byte	64
  33 0004 11       		.byte	17
  34 0005 02       		.byte	2
  35 0006 01       		.byte	1
  36 0007 40       		.byte	64
  37 0008 0E       		.byte	14
  38 0009 03       		.byte	3
  39 000a 01       		.byte	1
  40 000b 40       		.byte	64
  41 000c 06       		.byte	6
  42 000d 05       		.byte	5
  43 000e 01       		.byte	1
  44 000f 40       		.byte	64
  45 0010 0E       		.byte	14
  46 0011 41       		.byte	65
  47 0012 01       		.byte	1
  48 0013 40       		.byte	64
  49 0014 05       		.byte	5
  50 0015 42       		.byte	66
  51 0016 01       		.byte	1
  52 0017 40       		.byte	64
  53 0018 02       		.byte	2
  54 0019 50       		.byte	80
  55 001a 01       		.byte	1
  56 001b 40       		.byte	64
  57 001c 00       		.byte	0
ARM GAS  C:\Users\Andreea\AppData\Local\Temp\ccrpJJbc.s 			page 2


  58 001d 04       		.byte	4
  59 001e 01       		.byte	1
  60 001f 1C       		.byte	28
  61 0020 00       		.byte	0
  62 0021 15       		.byte	21
  63 0022 02       		.byte	2
  64 0023 2A       		.byte	42
  65 0024 10       		.byte	16
  66 0025 05       		.byte	5
  67 0026 12       		.byte	18
  68 0027 0A       		.byte	10
  69 0028 14       		.byte	20
  70 0029 15       		.byte	21
  71 002a 15       		.byte	21
  72 002b 01       		.byte	1
  73 002c 16       		.byte	22
  74 002d 2A       		.byte	42
  75 002e 18       		.byte	24
  76 002f 01       		.byte	1
  77 0030 1A       		.byte	26
  78 0031 02       		.byte	2
  79 0032 30       		.byte	48
  80 0033 30       		.byte	48
  81 0034 34       		.byte	52
  82 0035 0C       		.byte	12
  83 0036 35       		.byte	53
  84 0037 01       		.byte	1
  85 0038 36       		.byte	54
  86 0039 03       		.byte	3
  87 003a 3A       		.byte	58
  88 003b AE       		.byte	-82
  89 003c 58       		.byte	88
  90 003d 0A       		.byte	10
  91 003e 59       		.byte	89
  92 003f 04       		.byte	4
  93 0040 5F       		.byte	95
  94 0041 01       		.byte	1
  95 0042 07       		.byte	7
  96 0043 40       		.byte	64
  97 0044 0E       		.byte	14
  98 0045 A8       		.byte	-88
  99 0046 1D       		.byte	29
 100 0047 40       		.byte	64
 101 0048 1E       		.byte	30
 102 0049 A8       		.byte	-88
 103 004a 26       		.byte	38
 104 004b 20       		.byte	32
 105 004c 37       		.byte	55
 106 004d 08       		.byte	8
 107 004e 7E       		.byte	126
 108 004f 20       		.byte	32
 109 0050 86       		.byte	-122
 110 0051 10       		.byte	16
 111 0052 8E       		.byte	-114
 112 0053 04       		.byte	4
 113 0054 C0       		.byte	-64
 114 0055 10       		.byte	16
ARM GAS  C:\Users\Andreea\AppData\Local\Temp\ccrpJJbc.s 			page 3


 115 0056 C2       		.byte	-62
 116 0057 70       		.byte	112
 117 0058 CC       		.byte	-52
 118 0059 40       		.byte	64
 119 005a DE       		.byte	-34
 120 005b 40       		.byte	64
 121 005c E2       		.byte	-30
 122 005d 40       		.byte	64
 123 005e AB       		.byte	-85
 124 005f 40       		.byte	64
 125 0060 B1       		.byte	-79
 126 0061 40       		.byte	64
 127 0062 B2       		.byte	-78
 128 0063 40       		.byte	64
 129 0064 B7       		.byte	-73
 130 0065 08       		.byte	8
 131 0066 EA       		.byte	-22
 132 0067 A0       		.byte	-96
 133 0068 EC       		.byte	-20
 134 0069 40       		.byte	64
 135 006a 03       		.byte	3
 136 006b 10       		.byte	16
 137 006c 0F       		.byte	15
 138 006d 20       		.byte	32
 139 006e 52       		.byte	82
 140 006f 80       		.byte	-128
 141 0070 57       		.byte	87
 142 0071 01       		.byte	1
 143 0072 58       		.byte	88
 144 0073 10       		.byte	16
 145 0074 63       		.byte	99
 146 0075 08       		.byte	8
 147 0076 87       		.byte	-121
 148 0077 01       		.byte	1
 149 0078 8F       		.byte	-113
 150 0079 04       		.byte	4
 151 007a C0       		.byte	-64
 152 007b 10       		.byte	16
 153 007c C2       		.byte	-62
 154 007d 20       		.byte	32
 155 007e D4       		.byte	-44
 156 007f A0       		.byte	-96
 157 0080 D6       		.byte	-42
 158 0081 20       		.byte	32
 159 0082 D8       		.byte	-40
 160 0083 40       		.byte	64
 161 0084 E6       		.byte	-26
 162 0085 10       		.byte	16
 163 0086 AB       		.byte	-85
 164 0087 10       		.byte	16
 165 0088 B0       		.byte	-80
 166 0089 10       		.byte	16
 167 008a B2       		.byte	-78
 168 008b 80       		.byte	-128
 169 008c B7       		.byte	-73
 170 008d 10       		.byte	16
 171 008e EC       		.byte	-20
ARM GAS  C:\Users\Andreea\AppData\Local\Temp\ccrpJJbc.s 			page 4


 172 008f 80       		.byte	-128
 173 0090 00       		.byte	0
 174 0091 01       		.byte	1
 175 0092 08       		.byte	8
 176 0093 01       		.byte	1
 177 0094 1E       		.byte	30
 178 0095 00       		.byte	0
 179 0096 21       		.byte	33
 180 0097 1E       		.byte	30
 181 0098 00       		.byte	0
 182 0099 00       		.byte	0
 183 009a 1E       		.byte	30
 184 009b 00       		.byte	0
 185 009c 00       		.byte	0
 186 009d 00       		.byte	0
 187 009e 00       		.byte	0
 188 009f 00       		.byte	0
 189 00a0 00       		.byte	0
 190 00a1 0B       		.byte	11
 191 00a2 0B       		.byte	11
 192 00a3 00       		.byte	0
 193 00a4 00       		.byte	0
 194 00a5 00       		.byte	0
 195 00a6 00       		.byte	0
 196 00a7 00       		.byte	0
 197              		.section	.cywolatch,"a",%progbits
 198              		.align	2
 199              		.type	cy_meta_wonvl, %object
 200              		.size	cy_meta_wonvl, 4
 201              	cy_meta_wonvl:
 202 0000 BC       		.byte	-68
 203 0001 90       		.byte	-112
 204 0002 AC       		.byte	-84
 205 0003 AF       		.byte	-81
 206              		.section	.cycustnvl,"a",%progbits
 207              		.align	2
 208              		.type	cy_meta_custnvl, %object
 209              		.size	cy_meta_custnvl, 4
 210              	cy_meta_custnvl:
 211 0000 00       		.byte	0
 212 0001 00       		.byte	0
 213 0002 40       		.byte	64
 214 0003 05       		.byte	5
 215              		.section	.cymeta,"a",%progbits
 216              		.align	2
 217              		.type	cy_metadata, %object
 218              		.size	cy_metadata, 12
 219              	cy_metadata:
 220 0000 00       		.byte	0
 221 0001 01       		.byte	1
 222 0002 2E       		.byte	46
 223 0003 12       		.byte	18
 224 0004 30       		.byte	48
 225 0005 69       		.byte	105
 226 0006 00       		.byte	0
 227 0007 01       		.byte	1
 228 0008 00       		.byte	0
ARM GAS  C:\Users\Andreea\AppData\Local\Temp\ccrpJJbc.s 			page 5


 229 0009 00       		.byte	0
 230 000a 00       		.byte	0
 231 000b 00       		.byte	0
 232              		.section	.cyflashprotect,"a",%progbits
 233              		.align	2
 234              		.type	cy_meta_flashprotect, %object
 235              		.size	cy_meta_flashprotect, 256
 236              	cy_meta_flashprotect:
 237 0000 00000000 		.space	256
 237      00000000 
 237      00000000 
 237      00000000 
 237      00000000 
 238              		.text
 239              	.Letext0:
 240              		.file 1 "c:\\program files (x86)\\cypress\\psoc creator\\4.4\\psoc creator\\import\\gnu\\arm\\5.4.
 241              		.file 2 "c:\\program files (x86)\\cypress\\psoc creator\\4.4\\psoc creator\\import\\gnu\\arm\\5.4.
 242              		.file 3 "Generated_Source\\PSoC5\\cymetadata.c"
 243              		.section	.debug_info,"",%progbits
 244              	.Ldebug_info0:
 245 0000 30010000 		.4byte	0x130
 246 0004 0400     		.2byte	0x4
 247 0006 00000000 		.4byte	.Ldebug_abbrev0
 248 000a 04       		.byte	0x4
 249 000b 01       		.uleb128 0x1
 250 000c 66000000 		.4byte	.LASF17
 251 0010 0C       		.byte	0xc
 252 0011 C0010000 		.4byte	.LASF18
 253 0015 00000000 		.4byte	.LASF19
 254 0019 00000000 		.4byte	.Ldebug_line0
 255 001d 02       		.uleb128 0x2
 256 001e 01       		.byte	0x1
 257 001f 06       		.byte	0x6
 258 0020 B4010000 		.4byte	.LASF0
 259 0024 03       		.uleb128 0x3
 260 0025 42000000 		.4byte	.LASF9
 261 0029 01       		.byte	0x1
 262 002a 1D       		.byte	0x1d
 263 002b 2F000000 		.4byte	0x2f
 264 002f 02       		.uleb128 0x2
 265 0030 01       		.byte	0x1
 266 0031 08       		.byte	0x8
 267 0032 58000000 		.4byte	.LASF1
 268 0036 02       		.uleb128 0x2
 269 0037 02       		.byte	0x2
 270 0038 05       		.byte	0x5
 271 0039 A1010000 		.4byte	.LASF2
 272 003d 02       		.uleb128 0x2
 273 003e 02       		.byte	0x2
 274 003f 07       		.byte	0x7
 275 0040 06010000 		.4byte	.LASF3
 276 0044 02       		.uleb128 0x2
 277 0045 04       		.byte	0x4
 278 0046 05       		.byte	0x5
 279 0047 AB010000 		.4byte	.LASF4
 280 004b 02       		.uleb128 0x2
 281 004c 04       		.byte	0x4
ARM GAS  C:\Users\Andreea\AppData\Local\Temp\ccrpJJbc.s 			page 6


 282 004d 07       		.byte	0x7
 283 004e F4000000 		.4byte	.LASF5
 284 0052 02       		.uleb128 0x2
 285 0053 08       		.byte	0x8
 286 0054 05       		.byte	0x5
 287 0055 93010000 		.4byte	.LASF6
 288 0059 02       		.uleb128 0x2
 289 005a 08       		.byte	0x8
 290 005b 07       		.byte	0x7
 291 005c 48010000 		.4byte	.LASF7
 292 0060 04       		.uleb128 0x4
 293 0061 04       		.byte	0x4
 294 0062 05       		.byte	0x5
 295 0063 696E7400 		.ascii	"int\000"
 296 0067 02       		.uleb128 0x2
 297 0068 04       		.byte	0x4
 298 0069 07       		.byte	0x7
 299 006a 3B010000 		.4byte	.LASF8
 300 006e 03       		.uleb128 0x3
 301 006f 5F010000 		.4byte	.LASF10
 302 0073 02       		.byte	0x2
 303 0074 18       		.byte	0x18
 304 0075 24000000 		.4byte	0x24
 305 0079 05       		.uleb128 0x5
 306 007a 90000000 		.4byte	0x90
 307 007e 89000000 		.4byte	0x89
 308 0082 06       		.uleb128 0x6
 309 0083 89000000 		.4byte	0x89
 310 0087 A7       		.byte	0xa7
 311 0088 00       		.byte	0
 312 0089 02       		.uleb128 0x2
 313 008a 04       		.byte	0x4
 314 008b 07       		.byte	0x7
 315 008c 8A010000 		.4byte	.LASF11
 316 0090 07       		.uleb128 0x7
 317 0091 6E000000 		.4byte	0x6e
 318 0095 08       		.uleb128 0x8
 319 0096 29010000 		.4byte	.LASF12
 320 009a 03       		.byte	0x3
 321 009b 1F       		.byte	0x1f
 322 009c A6000000 		.4byte	0xa6
 323 00a0 05       		.uleb128 0x5
 324 00a1 03       		.byte	0x3
 325 00a2 00000000 		.4byte	cy_meta_configecc
 326 00a6 07       		.uleb128 0x7
 327 00a7 79000000 		.4byte	0x79
 328 00ab 05       		.uleb128 0x5
 329 00ac 90000000 		.4byte	0x90
 330 00b0 BB000000 		.4byte	0xbb
 331 00b4 06       		.uleb128 0x6
 332 00b5 89000000 		.4byte	0x89
 333 00b9 03       		.byte	0x3
 334 00ba 00       		.byte	0
 335 00bb 08       		.uleb128 0x8
 336 00bc 19010000 		.4byte	.LASF13
 337 00c0 03       		.byte	0x3
 338 00c1 41       		.byte	0x41
ARM GAS  C:\Users\Andreea\AppData\Local\Temp\ccrpJJbc.s 			page 7


 339 00c2 CC000000 		.4byte	0xcc
 340 00c6 05       		.uleb128 0x5
 341 00c7 03       		.byte	0x3
 342 00c8 00000000 		.4byte	cy_meta_custnvl
 343 00cc 07       		.uleb128 0x7
 344 00cd AB000000 		.4byte	0xab
 345 00d1 08       		.uleb128 0x8
 346 00d2 7C010000 		.4byte	.LASF14
 347 00d6 03       		.byte	0x3
 348 00d7 4F       		.byte	0x4f
 349 00d8 E2000000 		.4byte	0xe2
 350 00dc 05       		.uleb128 0x5
 351 00dd 03       		.byte	0x3
 352 00de 00000000 		.4byte	cy_meta_wonvl
 353 00e2 07       		.uleb128 0x7
 354 00e3 AB000000 		.4byte	0xab
 355 00e7 05       		.uleb128 0x5
 356 00e8 90000000 		.4byte	0x90
 357 00ec F7000000 		.4byte	0xf7
 358 00f0 06       		.uleb128 0x6
 359 00f1 89000000 		.4byte	0x89
 360 00f5 FF       		.byte	0xff
 361 00f6 00       		.byte	0
 362 00f7 08       		.uleb128 0x8
 363 00f8 67010000 		.4byte	.LASF15
 364 00fc 03       		.byte	0x3
 365 00fd 5D       		.byte	0x5d
 366 00fe 08010000 		.4byte	0x108
 367 0102 05       		.uleb128 0x5
 368 0103 03       		.byte	0x3
 369 0104 00000000 		.4byte	cy_meta_flashprotect
 370 0108 07       		.uleb128 0x7
 371 0109 E7000000 		.4byte	0xe7
 372 010d 05       		.uleb128 0x5
 373 010e 90000000 		.4byte	0x90
 374 0112 1D010000 		.4byte	0x11d
 375 0116 06       		.uleb128 0x6
 376 0117 89000000 		.4byte	0x89
 377 011b 0B       		.byte	0xb
 378 011c 00       		.byte	0
 379 011d 08       		.uleb128 0x8
 380 011e 4C000000 		.4byte	.LASF16
 381 0122 03       		.byte	0x3
 382 0123 8A       		.byte	0x8a
 383 0124 2E010000 		.4byte	0x12e
 384 0128 05       		.uleb128 0x5
 385 0129 03       		.byte	0x3
 386 012a 00000000 		.4byte	cy_metadata
 387 012e 07       		.uleb128 0x7
 388 012f 0D010000 		.4byte	0x10d
 389 0133 00       		.byte	0
 390              		.section	.debug_abbrev,"",%progbits
 391              	.Ldebug_abbrev0:
 392 0000 01       		.uleb128 0x1
 393 0001 11       		.uleb128 0x11
 394 0002 01       		.byte	0x1
 395 0003 25       		.uleb128 0x25
ARM GAS  C:\Users\Andreea\AppData\Local\Temp\ccrpJJbc.s 			page 8


 396 0004 0E       		.uleb128 0xe
 397 0005 13       		.uleb128 0x13
 398 0006 0B       		.uleb128 0xb
 399 0007 03       		.uleb128 0x3
 400 0008 0E       		.uleb128 0xe
 401 0009 1B       		.uleb128 0x1b
 402 000a 0E       		.uleb128 0xe
 403 000b 10       		.uleb128 0x10
 404 000c 17       		.uleb128 0x17
 405 000d 00       		.byte	0
 406 000e 00       		.byte	0
 407 000f 02       		.uleb128 0x2
 408 0010 24       		.uleb128 0x24
 409 0011 00       		.byte	0
 410 0012 0B       		.uleb128 0xb
 411 0013 0B       		.uleb128 0xb
 412 0014 3E       		.uleb128 0x3e
 413 0015 0B       		.uleb128 0xb
 414 0016 03       		.uleb128 0x3
 415 0017 0E       		.uleb128 0xe
 416 0018 00       		.byte	0
 417 0019 00       		.byte	0
 418 001a 03       		.uleb128 0x3
 419 001b 16       		.uleb128 0x16
 420 001c 00       		.byte	0
 421 001d 03       		.uleb128 0x3
 422 001e 0E       		.uleb128 0xe
 423 001f 3A       		.uleb128 0x3a
 424 0020 0B       		.uleb128 0xb
 425 0021 3B       		.uleb128 0x3b
 426 0022 0B       		.uleb128 0xb
 427 0023 49       		.uleb128 0x49
 428 0024 13       		.uleb128 0x13
 429 0025 00       		.byte	0
 430 0026 00       		.byte	0
 431 0027 04       		.uleb128 0x4
 432 0028 24       		.uleb128 0x24
 433 0029 00       		.byte	0
 434 002a 0B       		.uleb128 0xb
 435 002b 0B       		.uleb128 0xb
 436 002c 3E       		.uleb128 0x3e
 437 002d 0B       		.uleb128 0xb
 438 002e 03       		.uleb128 0x3
 439 002f 08       		.uleb128 0x8
 440 0030 00       		.byte	0
 441 0031 00       		.byte	0
 442 0032 05       		.uleb128 0x5
 443 0033 01       		.uleb128 0x1
 444 0034 01       		.byte	0x1
 445 0035 49       		.uleb128 0x49
 446 0036 13       		.uleb128 0x13
 447 0037 01       		.uleb128 0x1
 448 0038 13       		.uleb128 0x13
 449 0039 00       		.byte	0
 450 003a 00       		.byte	0
 451 003b 06       		.uleb128 0x6
 452 003c 21       		.uleb128 0x21
ARM GAS  C:\Users\Andreea\AppData\Local\Temp\ccrpJJbc.s 			page 9


 453 003d 00       		.byte	0
 454 003e 49       		.uleb128 0x49
 455 003f 13       		.uleb128 0x13
 456 0040 2F       		.uleb128 0x2f
 457 0041 0B       		.uleb128 0xb
 458 0042 00       		.byte	0
 459 0043 00       		.byte	0
 460 0044 07       		.uleb128 0x7
 461 0045 26       		.uleb128 0x26
 462 0046 00       		.byte	0
 463 0047 49       		.uleb128 0x49
 464 0048 13       		.uleb128 0x13
 465 0049 00       		.byte	0
 466 004a 00       		.byte	0
 467 004b 08       		.uleb128 0x8
 468 004c 34       		.uleb128 0x34
 469 004d 00       		.byte	0
 470 004e 03       		.uleb128 0x3
 471 004f 0E       		.uleb128 0xe
 472 0050 3A       		.uleb128 0x3a
 473 0051 0B       		.uleb128 0xb
 474 0052 3B       		.uleb128 0x3b
 475 0053 0B       		.uleb128 0xb
 476 0054 49       		.uleb128 0x49
 477 0055 13       		.uleb128 0x13
 478 0056 3F       		.uleb128 0x3f
 479 0057 19       		.uleb128 0x19
 480 0058 02       		.uleb128 0x2
 481 0059 18       		.uleb128 0x18
 482 005a 00       		.byte	0
 483 005b 00       		.byte	0
 484 005c 00       		.byte	0
 485              		.section	.debug_aranges,"",%progbits
 486 0000 14000000 		.4byte	0x14
 487 0004 0200     		.2byte	0x2
 488 0006 00000000 		.4byte	.Ldebug_info0
 489 000a 04       		.byte	0x4
 490 000b 00       		.byte	0
 491 000c 0000     		.2byte	0
 492 000e 0000     		.2byte	0
 493 0010 00000000 		.4byte	0
 494 0014 00000000 		.4byte	0
 495              		.section	.debug_line,"",%progbits
 496              	.Ldebug_line0:
 497 0000 3D010000 		.section	.debug_str,"MS",%progbits,1
 497      02003701 
 497      00000201 
 497      FB0E0D00 
 497      01010101 
 498              	.LASF19:
 499 0000 433A5C55 		.ascii	"C:\\Users\\Andreea\\OneDrive\\Desktop\\ASDN\\Labora"
 499      73657273 
 499      5C416E64 
 499      72656561 
 499      5C4F6E65 
 500 002d 746F725F 		.ascii	"tor_8\\Design02.cydsn\000"
 500      385C4465 
ARM GAS  C:\Users\Andreea\AppData\Local\Temp\ccrpJJbc.s 			page 10


 500      7369676E 
 500      30322E63 
 500      7964736E 
 501              	.LASF9:
 502 0042 5F5F7569 		.ascii	"__uint8_t\000"
 502      6E74385F 
 502      7400
 503              	.LASF16:
 504 004c 63795F6D 		.ascii	"cy_metadata\000"
 504      65746164 
 504      61746100 
 505              	.LASF1:
 506 0058 756E7369 		.ascii	"unsigned char\000"
 506      676E6564 
 506      20636861 
 506      7200
 507              	.LASF17:
 508 0066 474E5520 		.ascii	"GNU C11 5.4.1 20160609 (release) [ARM/embedded-5-br"
 508      43313120 
 508      352E342E 
 508      31203230 
 508      31363036 
 509 0099 616E6368 		.ascii	"anch revision 237715] -mcpu=cortex-m3 -mthumb -g -O"
 509      20726576 
 509      6973696F 
 509      6E203233 
 509      37373135 
 510 00cc 67202D66 		.ascii	"g -ffunction-sections -ffat-lto-objects\000"
 510      66756E63 
 510      74696F6E 
 510      2D736563 
 510      74696F6E 
 511              	.LASF5:
 512 00f4 6C6F6E67 		.ascii	"long unsigned int\000"
 512      20756E73 
 512      69676E65 
 512      6420696E 
 512      7400
 513              	.LASF3:
 514 0106 73686F72 		.ascii	"short unsigned int\000"
 514      7420756E 
 514      7369676E 
 514      65642069 
 514      6E7400
 515              	.LASF13:
 516 0119 63795F6D 		.ascii	"cy_meta_custnvl\000"
 516      6574615F 
 516      63757374 
 516      6E766C00 
 517              	.LASF12:
 518 0129 63795F6D 		.ascii	"cy_meta_configecc\000"
 518      6574615F 
 518      636F6E66 
 518      69676563 
 518      6300
 519              	.LASF8:
 520 013b 756E7369 		.ascii	"unsigned int\000"
ARM GAS  C:\Users\Andreea\AppData\Local\Temp\ccrpJJbc.s 			page 11


 520      676E6564 
 520      20696E74 
 520      00
 521              	.LASF7:
 522 0148 6C6F6E67 		.ascii	"long long unsigned int\000"
 522      206C6F6E 
 522      6720756E 
 522      7369676E 
 522      65642069 
 523              	.LASF10:
 524 015f 75696E74 		.ascii	"uint8_t\000"
 524      385F7400 
 525              	.LASF15:
 526 0167 63795F6D 		.ascii	"cy_meta_flashprotect\000"
 526      6574615F 
 526      666C6173 
 526      6870726F 
 526      74656374 
 527              	.LASF14:
 528 017c 63795F6D 		.ascii	"cy_meta_wonvl\000"
 528      6574615F 
 528      776F6E76 
 528      6C00
 529              	.LASF11:
 530 018a 73697A65 		.ascii	"sizetype\000"
 530      74797065 
 530      00
 531              	.LASF6:
 532 0193 6C6F6E67 		.ascii	"long long int\000"
 532      206C6F6E 
 532      6720696E 
 532      7400
 533              	.LASF2:
 534 01a1 73686F72 		.ascii	"short int\000"
 534      7420696E 
 534      7400
 535              	.LASF4:
 536 01ab 6C6F6E67 		.ascii	"long int\000"
 536      20696E74 
 536      00
 537              	.LASF0:
 538 01b4 7369676E 		.ascii	"signed char\000"
 538      65642063 
 538      68617200 
 539              	.LASF18:
 540 01c0 47656E65 		.ascii	"Generated_Source\\PSoC5\\cymetadata.c\000"
 540      72617465 
 540      645F536F 
 540      75726365 
 540      5C50536F 
 541              		.ident	"GCC: (GNU Tools for ARM Embedded Processors) 5.4.1 20160609 (release) [ARM/embedded-5-bran
